<?xml version="1.0" encoding="UTF-8"?>
<!-- Generated by org.testng.reporters.JUnitXMLReporter -->
<testsuite ignored="0" hostname="DESKTOP-FE71AP3" failures="0" tests="2" name="NegativePasswordTest" time="44.577" errors="0" timestamp="2024-07-19T21:09:47 IST">
  <testcase classname="com.herokupp.internet.LoginTests" name="negativeLoginTest" time="6.956"/>
  <testcase classname="com.herokupp.internet.LoginTests" name="postiveLoginTest" time="8.953"/>
</testsuite> <!-- NegativePasswordTest -->
