<?xml version="1.0" encoding="UTF-8"?>
<!-- Generated by org.testng.reporters.JUnitXMLReporter -->
<testsuite ignored="1" hostname="DESKTOP-FE71AP3" failures="0" tests="1" name="NegativeUserNameTest" time="18.534" errors="0" timestamp="2024-07-19T21:09:02 IST">
  <testcase classname="com.herokupp.internet.LoginTests" name="negativeLoginTest" time="7.123"/>
  <testcase classname="com.herokupp.internet.LoginTests" name="postiveLoginTest" time="0.0">
    <ignored/>
  </testcase> <!-- postiveLoginTest -->
</testsuite> <!-- NegativeUserNameTest -->
