<?xml version="1.0" encoding="UTF-8"?>
<!-- Generated by org.testng.reporters.JUnitXMLReporter -->
<testsuite ignored="1" hostname="DESKTOP-FE71AP3" failures="0" tests="1" name="PostiveLoginTest" time="22.47" errors="0" timestamp="2024-07-19T21:08:43 IST">
  <testcase classname="com.herokupp.internet.LoginTests" name="postiveLoginTest" time="9.626"/>
  <testcase classname="com.herokupp.internet.LoginTests" name="negativeLoginTest" time="0.0">
    <ignored/>
  </testcase> <!-- negativeLoginTest -->
</testsuite> <!-- PostiveLoginTest -->
