<?xml version="1.0" encoding="UTF-8"?>
<testng-results ignored="0" total="4" passed="4" failed="0" skipped="0">
  <reporter-output>
  </reporter-output>
  <suite started-at="2024-07-24T22:22:12 IST" name="NegativeLogInTestSuite" finished-at="2024-07-24T22:22:42 IST" duration-ms="29449">
    <groups>
    </groups>
    <test started-at="2024-07-24T22:22:12 IST" name="NegativeUsernameTest-CH" finished-at="2024-07-24T22:22:40 IST" duration-ms="27930">
      <class name="com.herokupp.internet.LoginTest.NegativeLogInTests">
        <test-method is-config="true" signature="setUp(java.lang.String,org.testng.ITestContext)[pri:0, instance:com.herokupp.internet.LoginTest.NegativeLogInTests@229c6181]" started-at="2024-07-24T22:22:12 IST" name="setUp" finished-at="2024-07-24T22:22:26 IST" duration-ms="13895" status="PASS">
          <params>
            <param index="0">
              <value>
                <![CDATA[chrome]]>
              </value>
            </param>
            <param index="1">
              <value>
                <![CDATA[org.testng.TestRunner@2657d4dd]]>
              </value>
            </param>
          </params>
          <reporter-output>
          </reporter-output>
        </test-method> <!-- setUp -->
        <test-method signature="negativeTest(java.lang.String,java.lang.String,java.lang.String)[pri:1, instance:com.herokupp.internet.LoginTest.NegativeLogInTests@229c6181]" started-at="2024-07-24T22:22:26 IST" name="negativeTest" finished-at="2024-07-24T22:22:37 IST" duration-ms="11035" status="PASS">
          <params>
            <param index="0">
              <value>
                <![CDATA[incorrectUsername]]>
              </value>
            </param>
            <param index="1">
              <value>
                <![CDATA[SuperSecretPassword!]]>
              </value>
            </param>
            <param index="2">
              <value>
                <![CDATA[Your username is invalid!]]>
              </value>
            </param>
          </params>
          <reporter-output>
          </reporter-output>
        </test-method> <!-- negativeTest -->
        <test-method is-config="true" signature="tearDown()[pri:0, instance:com.herokupp.internet.LoginTest.NegativeLogInTests@229c6181]" started-at="2024-07-24T22:22:37 IST" name="tearDown" finished-at="2024-07-24T22:22:40 IST" duration-ms="2868" status="PASS">
          <reporter-output>
          </reporter-output>
        </test-method> <!-- tearDown -->
      </class> <!-- com.herokupp.internet.LoginTest.NegativeLogInTests -->
    </test> <!-- NegativeUsernameTest-CH -->
    <test started-at="2024-07-24T22:22:12 IST" name="NegativeUsernameTest-FF" finished-at="2024-07-24T22:22:40 IST" duration-ms="28012">
      <class name="com.herokupp.internet.LoginTest.NegativeLogInTests">
        <test-method is-config="true" signature="setUp(java.lang.String,org.testng.ITestContext)[pri:0, instance:com.herokupp.internet.LoginTest.NegativeLogInTests@5e2c3d18]" started-at="2024-07-24T22:22:12 IST" name="setUp" finished-at="2024-07-24T22:22:25 IST" duration-ms="13008" status="PASS">
          <params>
            <param index="0">
              <value>
                <![CDATA[firefox]]>
              </value>
            </param>
            <param index="1">
              <value>
                <![CDATA[org.testng.TestRunner@5340477f]]>
              </value>
            </param>
          </params>
          <reporter-output>
          </reporter-output>
        </test-method> <!-- setUp -->
        <test-method signature="negativeTest(java.lang.String,java.lang.String,java.lang.String)[pri:1, instance:com.herokupp.internet.LoginTest.NegativeLogInTests@5e2c3d18]" started-at="2024-07-24T22:22:25 IST" name="negativeTest" finished-at="2024-07-24T22:22:36 IST" duration-ms="10253" status="PASS">
          <params>
            <param index="0">
              <value>
                <![CDATA[incorrectUsername]]>
              </value>
            </param>
            <param index="1">
              <value>
                <![CDATA[SuperSecretPassword!]]>
              </value>
            </param>
            <param index="2">
              <value>
                <![CDATA[Your username is invalid!]]>
              </value>
            </param>
          </params>
          <reporter-output>
          </reporter-output>
        </test-method> <!-- negativeTest -->
        <test-method is-config="true" signature="tearDown()[pri:0, instance:com.herokupp.internet.LoginTest.NegativeLogInTests@5e2c3d18]" started-at="2024-07-24T22:22:36 IST" name="tearDown" finished-at="2024-07-24T22:22:40 IST" duration-ms="4564" status="PASS">
          <reporter-output>
          </reporter-output>
        </test-method> <!-- tearDown -->
      </class> <!-- com.herokupp.internet.LoginTest.NegativeLogInTests -->
    </test> <!-- NegativeUsernameTest-FF -->
    <test started-at="2024-07-24T22:22:12 IST" name="NegativePasswordTest-FF" finished-at="2024-07-24T22:22:40 IST" duration-ms="28253">
      <class name="com.herokupp.internet.LoginTest.NegativeLogInTests">
        <test-method is-config="true" signature="setUp(java.lang.String,org.testng.ITestContext)[pri:0, instance:com.herokupp.internet.LoginTest.NegativeLogInTests@413d1baf]" started-at="2024-07-24T22:22:12 IST" name="setUp" finished-at="2024-07-24T22:22:28 IST" duration-ms="15889" status="PASS">
          <params>
            <param index="0">
              <value>
                <![CDATA[firefox]]>
              </value>
            </param>
            <param index="1">
              <value>
                <![CDATA[org.testng.TestRunner@446a1e84]]>
              </value>
            </param>
          </params>
          <reporter-output>
          </reporter-output>
        </test-method> <!-- setUp -->
        <test-method signature="negativeTest(java.lang.String,java.lang.String,java.lang.String)[pri:1, instance:com.herokupp.internet.LoginTest.NegativeLogInTests@413d1baf]" started-at="2024-07-24T22:22:28 IST" name="negativeTest" finished-at="2024-07-24T22:22:37 IST" duration-ms="8789" status="PASS">
          <params>
            <param index="0">
              <value>
                <![CDATA[tomsmith]]>
              </value>
            </param>
            <param index="1">
              <value>
                <![CDATA[incorrectPassword]]>
              </value>
            </param>
            <param index="2">
              <value>
                <![CDATA[Your password is invalid!]]>
              </value>
            </param>
          </params>
          <reporter-output>
          </reporter-output>
        </test-method> <!-- negativeTest -->
        <test-method is-config="true" signature="tearDown()[pri:0, instance:com.herokupp.internet.LoginTest.NegativeLogInTests@413d1baf]" started-at="2024-07-24T22:22:37 IST" name="tearDown" finished-at="2024-07-24T22:22:40 IST" duration-ms="3465" status="PASS">
          <reporter-output>
          </reporter-output>
        </test-method> <!-- tearDown -->
      </class> <!-- com.herokupp.internet.LoginTest.NegativeLogInTests -->
    </test> <!-- NegativePasswordTest-FF -->
    <test started-at="2024-07-24T22:22:12 IST" name="NegativePasswordTest-CH" finished-at="2024-07-24T22:22:42 IST" duration-ms="29449">
      <class name="com.herokupp.internet.LoginTest.NegativeLogInTests">
        <test-method is-config="true" signature="setUp(java.lang.String,org.testng.ITestContext)[pri:0, instance:com.herokupp.internet.LoginTest.NegativeLogInTests@cc43f62]" started-at="2024-07-24T22:22:12 IST" name="setUp" finished-at="2024-07-24T22:22:26 IST" duration-ms="14181" status="PASS">
          <params>
            <param index="0">
              <value>
                <![CDATA[chrome]]>
              </value>
            </param>
            <param index="1">
              <value>
                <![CDATA[org.testng.TestRunner@4f0f2942]]>
              </value>
            </param>
          </params>
          <reporter-output>
          </reporter-output>
        </test-method> <!-- setUp -->
        <test-method signature="negativeTest(java.lang.String,java.lang.String,java.lang.String)[pri:1, instance:com.herokupp.internet.LoginTest.NegativeLogInTests@cc43f62]" started-at="2024-07-24T22:22:26 IST" name="negativeTest" finished-at="2024-07-24T22:22:39 IST" duration-ms="13006" status="PASS">
          <params>
            <param index="0">
              <value>
                <![CDATA[tomsmith]]>
              </value>
            </param>
            <param index="1">
              <value>
                <![CDATA[incorrectPassword]]>
              </value>
            </param>
            <param index="2">
              <value>
                <![CDATA[Your password is invalid!]]>
              </value>
            </param>
          </params>
          <reporter-output>
          </reporter-output>
        </test-method> <!-- negativeTest -->
        <test-method is-config="true" signature="tearDown()[pri:0, instance:com.herokupp.internet.LoginTest.NegativeLogInTests@cc43f62]" started-at="2024-07-24T22:22:39 IST" name="tearDown" finished-at="2024-07-24T22:22:42 IST" duration-ms="2155" status="PASS">
          <reporter-output>
          </reporter-output>
        </test-method> <!-- tearDown -->
      </class> <!-- com.herokupp.internet.LoginTest.NegativeLogInTests -->
    </test> <!-- NegativePasswordTest-CH -->
  </suite> <!-- NegativeLogInTestSuite -->
</testng-results>
