<?xml version="1.0" encoding="UTF-8"?>
<!-- Generated by org.testng.reporters.JUnitXMLReporter -->
<testsuite ignored="1" hostname="DESKTOP-FE71AP3" failures="0" tests="1" name="NegativeTests" time="24.402" errors="0" timestamp="2024-07-19T19:09:55 IST">
  <testcase classname="com.herokupp.internet.NegativeTests" name="incorrecPasswordTest" time="24.29"/>
  <testcase classname="com.herokupp.internet.NegativeTests" name="incorrectUsernameTest" time="0.0">
    <ignored/>
  </testcase> <!-- incorrectUsernameTest -->
</testsuite> <!-- NegativeTests -->
