<?xml version="1.0" encoding="UTF-8"?>
<!-- Generated by org.testng.reporters.JUnitXMLReporter -->
<testsuite ignored="1" hostname="DESKTOP-FE71AP3" failures="0" tests="1" name="NegativeTest" time="19.309" errors="0" timestamp="2024-07-19T19:33:26 IST">
  <testcase classname="com.herokupp.internet.NegativeTests" name="incorrectUsernameTest" time="19.202"/>
  <testcase classname="com.herokupp.internet.NegativeTests" name="incorrecPasswordTest" time="0.0">
    <ignored/>
  </testcase> <!-- incorrecPasswordTest -->
</testsuite> <!-- NegativeTest -->
