<?xml version="1.0" encoding="UTF-8"?>
<!-- Generated by org.testng.reporters.JUnitXMLReporter -->
<testsuite ignored="0" hostname="DESKTOP-FE71AP3" failures="0" tests="2" name="NegativeTest" time="44.254" errors="0" timestamp="2024-07-19T18:58:35 IST">
  <testcase classname="com.herokupp.internet.NegativeTests" name="incorrecPasswordTest" time="26.003"/>
  <testcase classname="com.herokupp.internet.NegativeTests" name="incorrectUsernameTest" time="18.236"/>
</testsuite> <!-- NegativeTest -->
